<?xml version="1.0" encoding="UTF-8"?>
<!-- Generated by org.testng.reporters.JUnitReportReporter -->
<testsuite hostname="DESKTOP-66K9GTN" failures="0" tests="1" name="com.akn.MovieChallengeYassir.Base" time="8.828" errors="0" timestamp="2023-08-22T15:57:50 UTC" skipped="0">
  <testcase classname="com.akn.MovieChallengeYassir.Base" name="mainToDetailsmovie" time="8.828"/>
</testsuite> <!-- com.akn.MovieChallengeYassir.Base -->
