<?xml version="1.0" encoding="UTF-8"?>
<!-- Generated by org.testng.reporters.JUnitReportReporter -->
<testsuite hostname="DESKTOP-66K9GTN" failures="0" tests="1" name="com.akn.MovieChallengeYassir.DetailsMovie" time="2.212" errors="0" timestamp="2023-08-22T15:58:38 UTC" skipped="0">
  <testcase classname="com.akn.MovieChallengeYassir.DetailsMovie" name="mainToDetailsmovie" time="2.212"/>
</testsuite> <!-- com.akn.MovieChallengeYassir.DetailsMovie -->
